Terminals which are not used

   ARRSEP


Grammar

    0 $accept: Program $end

    1 Program: PROGRAM ID '(' Identifier_list ')' ';' Declarations Subprogram_declarations Compound_statement '.'

    2 Identifier_list: ID
    3                | Identifier_list ',' ID

    4 Declarations: Declarations VAR Identifier_list ':' Type ';'
    5             | /* empty */

    6 Type: Standard_type
    7     | ARRAY '[' INUM '.' '.' INUM ']' OF Standard_type

    8 Standard_type: INTEGER
    9              | REAL

   10 Subprogram_declarations: Subprogram_declarations Subprogram_declaration ';'
   11                        | /* empty */

   12 Subprogram_declaration: Subprogram_head Declarations Compound_statement

   13 Subprogram_head: FUNCTION ID Arguments ':' Standard_type ';'
   14                | PROCEDURE ID Arguments ';'

   15 Arguments: '(' Parameter_list ')'
   16          | /* empty */

   17 Parameter_list: Identifier_list ':' Type
   18               | Parameter_list ';' Identifier_list ':' Type

   19 Compound_statement: BEG Optional_statements END

   20 Optional_statements: Statement_list
   21                    | /* empty */

   22 Statement_list: Statement
   23               | Statement_list ';' Statement

   24 Statement: Variable ASSIGNOP Expression
   25          | Procedure_statement
   26          | Compound_statement
   27          | IF Expression THEN Statement ELSE Statement
   28          | WHILE Expression DO Statement
   29          | READLN '(' Variable_factor_list ')'
   30          | WRITELN '(' Expression_list ')'

   31 Variable: ID
   32         | ID '[' Expression_list ']'

   33 Procedure_statement: ID
   34                    | ID '(' Expression_list ')'

   35 Expression_list: Expression
   36                | Expression_list ',' Expression

   37 Expression: Simple_expression
   38           | Simple_expression RELOP_GR Simple_expression
   39           | Simple_expression RELOP_GREQ Simple_expression
   40           | Simple_expression RELOP_SM Simple_expression
   41           | Simple_expression RELOP_SMEQ Simple_expression
   42           | Simple_expression RELOP_NOEQ Simple_expression
   43           | Simple_expression RELOP_EQ Simple_expression

   44 Simple_expression: Term
   45                  | ADDOP_MIN Term
   46                  | ADDOP_ADD Term
   47                  | Simple_expression ADDOP_MIN Term
   48                  | Simple_expression ADDOP_ADD Term

   49 Term: Factor
   50     | Term R_MULOP_D Factor
   51     | Term R_MULOP_M Factor
   52     | Term I_MULOP_D Factor
   53     | Term I_MULOP_M Factor

   54 Factor: Variable_factor
   55       | ID '(' Expression_list ')'
   56       | INUM
   57       | RNUM
   58       | '(' Expression ')'

   59 Variable_factor_list: Variable_factor
   60                     | Variable_factor_list ',' Variable_factor

   61 Variable_factor: ID
   62                | ID '[' Simple_expression ']'


Terminals, with rules where they appear

$end (0) 0
'(' (40) 1 15 29 30 34 55 58
')' (41) 1 15 29 30 34 55 58
',' (44) 3 36 60
'.' (46) 1 7
':' (58) 4 13 17 18
';' (59) 1 4 10 13 14 18 23
'[' (91) 7 32 62
']' (93) 7 32 62
error (256)
PROGRAM (258) 1
FUNCTION (259) 13
PROCEDURE (260) 14
BEG (261) 19
END (262) 19
IF (263) 27
THEN (264) 27
ELSE (265) 27
WHILE (266) 28
DO (267) 28
VAR (268) 4
ARRAY (269) 7
OF (270) 7
ARRSEP (271)
INTEGER (272) 8
REAL (273) 9
ASSIGNOP (274) 24
RELOP_GR (275) 38
RELOP_GREQ (276) 39
RELOP_SM (277) 40
RELOP_SMEQ (278) 41
RELOP_NOEQ (279) 42
RELOP_EQ (280) 43
ADDOP_MIN (281) 45 47
ADDOP_ADD (282) 46 48
I_MULOP_M (283) 53
I_MULOP_D (284) 52
R_MULOP_M (285) 51
R_MULOP_D (286) 50
INUM (287) 7 56
RNUM (288) 57
ID (289) 1 2 3 13 14 31 32 33 34 55 61 62
READLN (290) 29
WRITELN (291) 30


Nonterminals, with rules where they appear

$accept (45)
    on left: 0
Program (46)
    on left: 1, on right: 0
Identifier_list (47)
    on left: 2 3, on right: 1 3 4 17 18
Declarations (48)
    on left: 4 5, on right: 1 4 12
Type (49)
    on left: 6 7, on right: 4 17 18
Standard_type (50)
    on left: 8 9, on right: 6 7 13
Subprogram_declarations (51)
    on left: 10 11, on right: 1 10
Subprogram_declaration (52)
    on left: 12, on right: 10
Subprogram_head (53)
    on left: 13 14, on right: 12
Arguments (54)
    on left: 15 16, on right: 13 14
Parameter_list (55)
    on left: 17 18, on right: 15 18
Compound_statement (56)
    on left: 19, on right: 1 12 26
Optional_statements (57)
    on left: 20 21, on right: 19
Statement_list (58)
    on left: 22 23, on right: 20 23
Statement (59)
    on left: 24 25 26 27 28 29 30, on right: 22 23 27 28
Variable (60)
    on left: 31 32, on right: 24
Procedure_statement (61)
    on left: 33 34, on right: 25
Expression_list (62)
    on left: 35 36, on right: 30 32 34 36 55
Expression (63)
    on left: 37 38 39 40 41 42 43, on right: 24 27 28 35 36 58
Simple_expression (64)
    on left: 44 45 46 47 48, on right: 37 38 39 40 41 42 43 47 48 62
Term (65)
    on left: 49 50 51 52 53, on right: 44 45 46 47 48 50 51 52 53
Factor (66)
    on left: 54 55 56 57 58, on right: 49 50 51 52 53
Variable_factor_list (67)
    on left: 59 60, on right: 29 60
Variable_factor (68)
    on left: 61 62, on right: 54 59 60


state 0

    0 $accept: . Program $end

    PROGRAM  shift, and go to state 1

    Program  go to state 2


state 1

    1 Program: PROGRAM . ID '(' Identifier_list ')' ';' Declarations Subprogram_declarations Compound_statement '.'

    ID  shift, and go to state 3


state 2

    0 $accept: Program . $end

    $end  shift, and go to state 4


state 3

    1 Program: PROGRAM ID . '(' Identifier_list ')' ';' Declarations Subprogram_declarations Compound_statement '.'

    '('  shift, and go to state 5


state 4

    0 $accept: Program $end .

    $default  accept


state 5

    1 Program: PROGRAM ID '(' . Identifier_list ')' ';' Declarations Subprogram_declarations Compound_statement '.'

    ID  shift, and go to state 6

    Identifier_list  go to state 7


state 6

    2 Identifier_list: ID .

    $default  reduce using rule 2 (Identifier_list)


state 7

    1 Program: PROGRAM ID '(' Identifier_list . ')' ';' Declarations Subprogram_declarations Compound_statement '.'
    3 Identifier_list: Identifier_list . ',' ID

    ')'  shift, and go to state 8
    ','  shift, and go to state 9


state 8

    1 Program: PROGRAM ID '(' Identifier_list ')' . ';' Declarations Subprogram_declarations Compound_statement '.'

    ';'  shift, and go to state 10


state 9

    3 Identifier_list: Identifier_list ',' . ID

    ID  shift, and go to state 11


state 10

    1 Program: PROGRAM ID '(' Identifier_list ')' ';' . Declarations Subprogram_declarations Compound_statement '.'

    $default  reduce using rule 5 (Declarations)

    Declarations  go to state 12


state 11

    3 Identifier_list: Identifier_list ',' ID .

    $default  reduce using rule 3 (Identifier_list)


state 12

    1 Program: PROGRAM ID '(' Identifier_list ')' ';' Declarations . Subprogram_declarations Compound_statement '.'
    4 Declarations: Declarations . VAR Identifier_list ':' Type ';'

    VAR  shift, and go to state 13

    $default  reduce using rule 11 (Subprogram_declarations)

    Subprogram_declarations  go to state 14


state 13

    4 Declarations: Declarations VAR . Identifier_list ':' Type ';'

    ID  shift, and go to state 6

    Identifier_list  go to state 15


state 14

    1 Program: PROGRAM ID '(' Identifier_list ')' ';' Declarations Subprogram_declarations . Compound_statement '.'
   10 Subprogram_declarations: Subprogram_declarations . Subprogram_declaration ';'

    FUNCTION   shift, and go to state 16
    PROCEDURE  shift, and go to state 17
    BEG        shift, and go to state 18

    Subprogram_declaration  go to state 19
    Subprogram_head         go to state 20
    Compound_statement      go to state 21


state 15

    3 Identifier_list: Identifier_list . ',' ID
    4 Declarations: Declarations VAR Identifier_list . ':' Type ';'

    ','  shift, and go to state 9
    ':'  shift, and go to state 22


state 16

   13 Subprogram_head: FUNCTION . ID Arguments ':' Standard_type ';'

    ID  shift, and go to state 23


state 17

   14 Subprogram_head: PROCEDURE . ID Arguments ';'

    ID  shift, and go to state 24


state 18

   19 Compound_statement: BEG . Optional_statements END

    BEG      shift, and go to state 18
    IF       shift, and go to state 25
    WHILE    shift, and go to state 26
    ID       shift, and go to state 27
    READLN   shift, and go to state 28
    WRITELN  shift, and go to state 29

    $default  reduce using rule 21 (Optional_statements)

    Compound_statement   go to state 30
    Optional_statements  go to state 31
    Statement_list       go to state 32
    Statement            go to state 33
    Variable             go to state 34
    Procedure_statement  go to state 35


state 19

   10 Subprogram_declarations: Subprogram_declarations Subprogram_declaration . ';'

    ';'  shift, and go to state 36


state 20

   12 Subprogram_declaration: Subprogram_head . Declarations Compound_statement

    $default  reduce using rule 5 (Declarations)

    Declarations  go to state 37


state 21

    1 Program: PROGRAM ID '(' Identifier_list ')' ';' Declarations Subprogram_declarations Compound_statement . '.'

    '.'  shift, and go to state 38


state 22

    4 Declarations: Declarations VAR Identifier_list ':' . Type ';'

    ARRAY    shift, and go to state 39
    INTEGER  shift, and go to state 40
    REAL     shift, and go to state 41

    Type           go to state 42
    Standard_type  go to state 43


state 23

   13 Subprogram_head: FUNCTION ID . Arguments ':' Standard_type ';'

    '('  shift, and go to state 44

    $default  reduce using rule 16 (Arguments)

    Arguments  go to state 45


state 24

   14 Subprogram_head: PROCEDURE ID . Arguments ';'

    '('  shift, and go to state 44

    $default  reduce using rule 16 (Arguments)

    Arguments  go to state 46


state 25

   27 Statement: IF . Expression THEN Statement ELSE Statement

    ADDOP_MIN  shift, and go to state 47
    ADDOP_ADD  shift, and go to state 48
    INUM       shift, and go to state 49
    RNUM       shift, and go to state 50
    ID         shift, and go to state 51
    '('        shift, and go to state 52

    Expression         go to state 53
    Simple_expression  go to state 54
    Term               go to state 55
    Factor             go to state 56
    Variable_factor    go to state 57


state 26

   28 Statement: WHILE . Expression DO Statement

    ADDOP_MIN  shift, and go to state 47
    ADDOP_ADD  shift, and go to state 48
    INUM       shift, and go to state 49
    RNUM       shift, and go to state 50
    ID         shift, and go to state 51
    '('        shift, and go to state 52

    Expression         go to state 58
    Simple_expression  go to state 54
    Term               go to state 55
    Factor             go to state 56
    Variable_factor    go to state 57


state 27

   31 Variable: ID .
   32         | ID . '[' Expression_list ']'
   33 Procedure_statement: ID .
   34                    | ID . '(' Expression_list ')'

    '('  shift, and go to state 59
    '['  shift, and go to state 60

    ASSIGNOP  reduce using rule 31 (Variable)
    $default  reduce using rule 33 (Procedure_statement)


state 28

   29 Statement: READLN . '(' Variable_factor_list ')'

    '('  shift, and go to state 61


state 29

   30 Statement: WRITELN . '(' Expression_list ')'

    '('  shift, and go to state 62


state 30

   26 Statement: Compound_statement .

    $default  reduce using rule 26 (Statement)


state 31

   19 Compound_statement: BEG Optional_statements . END

    END  shift, and go to state 63


state 32

   20 Optional_statements: Statement_list .
   23 Statement_list: Statement_list . ';' Statement

    ';'  shift, and go to state 64

    $default  reduce using rule 20 (Optional_statements)


state 33

   22 Statement_list: Statement .

    $default  reduce using rule 22 (Statement_list)


state 34

   24 Statement: Variable . ASSIGNOP Expression

    ASSIGNOP  shift, and go to state 65


state 35

   25 Statement: Procedure_statement .

    $default  reduce using rule 25 (Statement)


state 36

   10 Subprogram_declarations: Subprogram_declarations Subprogram_declaration ';' .

    $default  reduce using rule 10 (Subprogram_declarations)


state 37

    4 Declarations: Declarations . VAR Identifier_list ':' Type ';'
   12 Subprogram_declaration: Subprogram_head Declarations . Compound_statement

    BEG  shift, and go to state 18
    VAR  shift, and go to state 13

    Compound_statement  go to state 66


state 38

    1 Program: PROGRAM ID '(' Identifier_list ')' ';' Declarations Subprogram_declarations Compound_statement '.' .

    $default  reduce using rule 1 (Program)


state 39

    7 Type: ARRAY . '[' INUM '.' '.' INUM ']' OF Standard_type

    '['  shift, and go to state 67


state 40

    8 Standard_type: INTEGER .

    $default  reduce using rule 8 (Standard_type)


state 41

    9 Standard_type: REAL .

    $default  reduce using rule 9 (Standard_type)


state 42

    4 Declarations: Declarations VAR Identifier_list ':' Type . ';'

    ';'  shift, and go to state 68


state 43

    6 Type: Standard_type .

    $default  reduce using rule 6 (Type)


state 44

   15 Arguments: '(' . Parameter_list ')'

    ID  shift, and go to state 6

    Identifier_list  go to state 69
    Parameter_list   go to state 70


state 45

   13 Subprogram_head: FUNCTION ID Arguments . ':' Standard_type ';'

    ':'  shift, and go to state 71


state 46

   14 Subprogram_head: PROCEDURE ID Arguments . ';'

    ';'  shift, and go to state 72


state 47

   45 Simple_expression: ADDOP_MIN . Term

    INUM  shift, and go to state 49
    RNUM  shift, and go to state 50
    ID    shift, and go to state 51
    '('   shift, and go to state 52

    Term             go to state 73
    Factor           go to state 56
    Variable_factor  go to state 57


state 48

   46 Simple_expression: ADDOP_ADD . Term

    INUM  shift, and go to state 49
    RNUM  shift, and go to state 50
    ID    shift, and go to state 51
    '('   shift, and go to state 52

    Term             go to state 74
    Factor           go to state 56
    Variable_factor  go to state 57


state 49

   56 Factor: INUM .

    $default  reduce using rule 56 (Factor)


state 50

   57 Factor: RNUM .

    $default  reduce using rule 57 (Factor)


state 51

   55 Factor: ID . '(' Expression_list ')'
   61 Variable_factor: ID .
   62                | ID . '[' Simple_expression ']'

    '('  shift, and go to state 75
    '['  shift, and go to state 76

    $default  reduce using rule 61 (Variable_factor)


state 52

   58 Factor: '(' . Expression ')'

    ADDOP_MIN  shift, and go to state 47
    ADDOP_ADD  shift, and go to state 48
    INUM       shift, and go to state 49
    RNUM       shift, and go to state 50
    ID         shift, and go to state 51
    '('        shift, and go to state 52

    Expression         go to state 77
    Simple_expression  go to state 54
    Term               go to state 55
    Factor             go to state 56
    Variable_factor    go to state 57


state 53

   27 Statement: IF Expression . THEN Statement ELSE Statement

    THEN  shift, and go to state 78


state 54

   37 Expression: Simple_expression .
   38           | Simple_expression . RELOP_GR Simple_expression
   39           | Simple_expression . RELOP_GREQ Simple_expression
   40           | Simple_expression . RELOP_SM Simple_expression
   41           | Simple_expression . RELOP_SMEQ Simple_expression
   42           | Simple_expression . RELOP_NOEQ Simple_expression
   43           | Simple_expression . RELOP_EQ Simple_expression
   47 Simple_expression: Simple_expression . ADDOP_MIN Term
   48                  | Simple_expression . ADDOP_ADD Term

    RELOP_GR    shift, and go to state 79
    RELOP_GREQ  shift, and go to state 80
    RELOP_SM    shift, and go to state 81
    RELOP_SMEQ  shift, and go to state 82
    RELOP_NOEQ  shift, and go to state 83
    RELOP_EQ    shift, and go to state 84
    ADDOP_MIN   shift, and go to state 85
    ADDOP_ADD   shift, and go to state 86

    $default  reduce using rule 37 (Expression)


state 55

   44 Simple_expression: Term .
   50 Term: Term . R_MULOP_D Factor
   51     | Term . R_MULOP_M Factor
   52     | Term . I_MULOP_D Factor
   53     | Term . I_MULOP_M Factor

    I_MULOP_M  shift, and go to state 87
    I_MULOP_D  shift, and go to state 88
    R_MULOP_M  shift, and go to state 89
    R_MULOP_D  shift, and go to state 90

    $default  reduce using rule 44 (Simple_expression)


state 56

   49 Term: Factor .

    $default  reduce using rule 49 (Term)


state 57

   54 Factor: Variable_factor .

    $default  reduce using rule 54 (Factor)


state 58

   28 Statement: WHILE Expression . DO Statement

    DO  shift, and go to state 91


state 59

   34 Procedure_statement: ID '(' . Expression_list ')'

    ADDOP_MIN  shift, and go to state 47
    ADDOP_ADD  shift, and go to state 48
    INUM       shift, and go to state 49
    RNUM       shift, and go to state 50
    ID         shift, and go to state 51
    '('        shift, and go to state 52

    Expression_list    go to state 92
    Expression         go to state 93
    Simple_expression  go to state 54
    Term               go to state 55
    Factor             go to state 56
    Variable_factor    go to state 57


state 60

   32 Variable: ID '[' . Expression_list ']'

    ADDOP_MIN  shift, and go to state 47
    ADDOP_ADD  shift, and go to state 48
    INUM       shift, and go to state 49
    RNUM       shift, and go to state 50
    ID         shift, and go to state 51
    '('        shift, and go to state 52

    Expression_list    go to state 94
    Expression         go to state 93
    Simple_expression  go to state 54
    Term               go to state 55
    Factor             go to state 56
    Variable_factor    go to state 57


state 61

   29 Statement: READLN '(' . Variable_factor_list ')'

    ID  shift, and go to state 95

    Variable_factor_list  go to state 96
    Variable_factor       go to state 97


state 62

   30 Statement: WRITELN '(' . Expression_list ')'

    ADDOP_MIN  shift, and go to state 47
    ADDOP_ADD  shift, and go to state 48
    INUM       shift, and go to state 49
    RNUM       shift, and go to state 50
    ID         shift, and go to state 51
    '('        shift, and go to state 52

    Expression_list    go to state 98
    Expression         go to state 93
    Simple_expression  go to state 54
    Term               go to state 55
    Factor             go to state 56
    Variable_factor    go to state 57


state 63

   19 Compound_statement: BEG Optional_statements END .

    $default  reduce using rule 19 (Compound_statement)


state 64

   23 Statement_list: Statement_list ';' . Statement

    BEG      shift, and go to state 18
    IF       shift, and go to state 25
    WHILE    shift, and go to state 26
    ID       shift, and go to state 27
    READLN   shift, and go to state 28
    WRITELN  shift, and go to state 29

    Compound_statement   go to state 30
    Statement            go to state 99
    Variable             go to state 34
    Procedure_statement  go to state 35


state 65

   24 Statement: Variable ASSIGNOP . Expression

    ADDOP_MIN  shift, and go to state 47
    ADDOP_ADD  shift, and go to state 48
    INUM       shift, and go to state 49
    RNUM       shift, and go to state 50
    ID         shift, and go to state 51
    '('        shift, and go to state 52

    Expression         go to state 100
    Simple_expression  go to state 54
    Term               go to state 55
    Factor             go to state 56
    Variable_factor    go to state 57


state 66

   12 Subprogram_declaration: Subprogram_head Declarations Compound_statement .

    $default  reduce using rule 12 (Subprogram_declaration)


state 67

    7 Type: ARRAY '[' . INUM '.' '.' INUM ']' OF Standard_type

    INUM  shift, and go to state 101


state 68

    4 Declarations: Declarations VAR Identifier_list ':' Type ';' .

    $default  reduce using rule 4 (Declarations)


state 69

    3 Identifier_list: Identifier_list . ',' ID
   17 Parameter_list: Identifier_list . ':' Type

    ','  shift, and go to state 9
    ':'  shift, and go to state 102


state 70

   15 Arguments: '(' Parameter_list . ')'
   18 Parameter_list: Parameter_list . ';' Identifier_list ':' Type

    ')'  shift, and go to state 103
    ';'  shift, and go to state 104


state 71

   13 Subprogram_head: FUNCTION ID Arguments ':' . Standard_type ';'

    INTEGER  shift, and go to state 40
    REAL     shift, and go to state 41

    Standard_type  go to state 105


state 72

   14 Subprogram_head: PROCEDURE ID Arguments ';' .

    $default  reduce using rule 14 (Subprogram_head)


state 73

   45 Simple_expression: ADDOP_MIN Term .
   50 Term: Term . R_MULOP_D Factor
   51     | Term . R_MULOP_M Factor
   52     | Term . I_MULOP_D Factor
   53     | Term . I_MULOP_M Factor

    I_MULOP_M  shift, and go to state 87
    I_MULOP_D  shift, and go to state 88
    R_MULOP_M  shift, and go to state 89
    R_MULOP_D  shift, and go to state 90

    $default  reduce using rule 45 (Simple_expression)


state 74

   46 Simple_expression: ADDOP_ADD Term .
   50 Term: Term . R_MULOP_D Factor
   51     | Term . R_MULOP_M Factor
   52     | Term . I_MULOP_D Factor
   53     | Term . I_MULOP_M Factor

    I_MULOP_M  shift, and go to state 87
    I_MULOP_D  shift, and go to state 88
    R_MULOP_M  shift, and go to state 89
    R_MULOP_D  shift, and go to state 90

    $default  reduce using rule 46 (Simple_expression)


state 75

   55 Factor: ID '(' . Expression_list ')'

    ADDOP_MIN  shift, and go to state 47
    ADDOP_ADD  shift, and go to state 48
    INUM       shift, and go to state 49
    RNUM       shift, and go to state 50
    ID         shift, and go to state 51
    '('        shift, and go to state 52

    Expression_list    go to state 106
    Expression         go to state 93
    Simple_expression  go to state 54
    Term               go to state 55
    Factor             go to state 56
    Variable_factor    go to state 57


state 76

   62 Variable_factor: ID '[' . Simple_expression ']'

    ADDOP_MIN  shift, and go to state 47
    ADDOP_ADD  shift, and go to state 48
    INUM       shift, and go to state 49
    RNUM       shift, and go to state 50
    ID         shift, and go to state 51
    '('        shift, and go to state 52

    Simple_expression  go to state 107
    Term               go to state 55
    Factor             go to state 56
    Variable_factor    go to state 57


state 77

   58 Factor: '(' Expression . ')'

    ')'  shift, and go to state 108


state 78

   27 Statement: IF Expression THEN . Statement ELSE Statement

    BEG      shift, and go to state 18
    IF       shift, and go to state 25
    WHILE    shift, and go to state 26
    ID       shift, and go to state 27
    READLN   shift, and go to state 28
    WRITELN  shift, and go to state 29

    Compound_statement   go to state 30
    Statement            go to state 109
    Variable             go to state 34
    Procedure_statement  go to state 35


state 79

   38 Expression: Simple_expression RELOP_GR . Simple_expression

    ADDOP_MIN  shift, and go to state 47
    ADDOP_ADD  shift, and go to state 48
    INUM       shift, and go to state 49
    RNUM       shift, and go to state 50
    ID         shift, and go to state 51
    '('        shift, and go to state 52

    Simple_expression  go to state 110
    Term               go to state 55
    Factor             go to state 56
    Variable_factor    go to state 57


state 80

   39 Expression: Simple_expression RELOP_GREQ . Simple_expression

    ADDOP_MIN  shift, and go to state 47
    ADDOP_ADD  shift, and go to state 48
    INUM       shift, and go to state 49
    RNUM       shift, and go to state 50
    ID         shift, and go to state 51
    '('        shift, and go to state 52

    Simple_expression  go to state 111
    Term               go to state 55
    Factor             go to state 56
    Variable_factor    go to state 57


state 81

   40 Expression: Simple_expression RELOP_SM . Simple_expression

    ADDOP_MIN  shift, and go to state 47
    ADDOP_ADD  shift, and go to state 48
    INUM       shift, and go to state 49
    RNUM       shift, and go to state 50
    ID         shift, and go to state 51
    '('        shift, and go to state 52

    Simple_expression  go to state 112
    Term               go to state 55
    Factor             go to state 56
    Variable_factor    go to state 57


state 82

   41 Expression: Simple_expression RELOP_SMEQ . Simple_expression

    ADDOP_MIN  shift, and go to state 47
    ADDOP_ADD  shift, and go to state 48
    INUM       shift, and go to state 49
    RNUM       shift, and go to state 50
    ID         shift, and go to state 51
    '('        shift, and go to state 52

    Simple_expression  go to state 113
    Term               go to state 55
    Factor             go to state 56
    Variable_factor    go to state 57


state 83

   42 Expression: Simple_expression RELOP_NOEQ . Simple_expression

    ADDOP_MIN  shift, and go to state 47
    ADDOP_ADD  shift, and go to state 48
    INUM       shift, and go to state 49
    RNUM       shift, and go to state 50
    ID         shift, and go to state 51
    '('        shift, and go to state 52

    Simple_expression  go to state 114
    Term               go to state 55
    Factor             go to state 56
    Variable_factor    go to state 57


state 84

   43 Expression: Simple_expression RELOP_EQ . Simple_expression

    ADDOP_MIN  shift, and go to state 47
    ADDOP_ADD  shift, and go to state 48
    INUM       shift, and go to state 49
    RNUM       shift, and go to state 50
    ID         shift, and go to state 51
    '('        shift, and go to state 52

    Simple_expression  go to state 115
    Term               go to state 55
    Factor             go to state 56
    Variable_factor    go to state 57


state 85

   47 Simple_expression: Simple_expression ADDOP_MIN . Term

    INUM  shift, and go to state 49
    RNUM  shift, and go to state 50
    ID    shift, and go to state 51
    '('   shift, and go to state 52

    Term             go to state 116
    Factor           go to state 56
    Variable_factor  go to state 57


state 86

   48 Simple_expression: Simple_expression ADDOP_ADD . Term

    INUM  shift, and go to state 49
    RNUM  shift, and go to state 50
    ID    shift, and go to state 51
    '('   shift, and go to state 52

    Term             go to state 117
    Factor           go to state 56
    Variable_factor  go to state 57


state 87

   53 Term: Term I_MULOP_M . Factor

    INUM  shift, and go to state 49
    RNUM  shift, and go to state 50
    ID    shift, and go to state 51
    '('   shift, and go to state 52

    Factor           go to state 118
    Variable_factor  go to state 57


state 88

   52 Term: Term I_MULOP_D . Factor

    INUM  shift, and go to state 49
    RNUM  shift, and go to state 50
    ID    shift, and go to state 51
    '('   shift, and go to state 52

    Factor           go to state 119
    Variable_factor  go to state 57


state 89

   51 Term: Term R_MULOP_M . Factor

    INUM  shift, and go to state 49
    RNUM  shift, and go to state 50
    ID    shift, and go to state 51
    '('   shift, and go to state 52

    Factor           go to state 120
    Variable_factor  go to state 57


state 90

   50 Term: Term R_MULOP_D . Factor

    INUM  shift, and go to state 49
    RNUM  shift, and go to state 50
    ID    shift, and go to state 51
    '('   shift, and go to state 52

    Factor           go to state 121
    Variable_factor  go to state 57


state 91

   28 Statement: WHILE Expression DO . Statement

    BEG      shift, and go to state 18
    IF       shift, and go to state 25
    WHILE    shift, and go to state 26
    ID       shift, and go to state 27
    READLN   shift, and go to state 28
    WRITELN  shift, and go to state 29

    Compound_statement   go to state 30
    Statement            go to state 122
    Variable             go to state 34
    Procedure_statement  go to state 35


state 92

   34 Procedure_statement: ID '(' Expression_list . ')'
   36 Expression_list: Expression_list . ',' Expression

    ')'  shift, and go to state 123
    ','  shift, and go to state 124


state 93

   35 Expression_list: Expression .

    $default  reduce using rule 35 (Expression_list)


state 94

   32 Variable: ID '[' Expression_list . ']'
   36 Expression_list: Expression_list . ',' Expression

    ','  shift, and go to state 124
    ']'  shift, and go to state 125


state 95

   61 Variable_factor: ID .
   62                | ID . '[' Simple_expression ']'

    '['  shift, and go to state 76

    $default  reduce using rule 61 (Variable_factor)


state 96

   29 Statement: READLN '(' Variable_factor_list . ')'
   60 Variable_factor_list: Variable_factor_list . ',' Variable_factor

    ')'  shift, and go to state 126
    ','  shift, and go to state 127


state 97

   59 Variable_factor_list: Variable_factor .

    $default  reduce using rule 59 (Variable_factor_list)


state 98

   30 Statement: WRITELN '(' Expression_list . ')'
   36 Expression_list: Expression_list . ',' Expression

    ')'  shift, and go to state 128
    ','  shift, and go to state 124


state 99

   23 Statement_list: Statement_list ';' Statement .

    $default  reduce using rule 23 (Statement_list)


state 100

   24 Statement: Variable ASSIGNOP Expression .

    $default  reduce using rule 24 (Statement)


state 101

    7 Type: ARRAY '[' INUM . '.' '.' INUM ']' OF Standard_type

    '.'  shift, and go to state 129


state 102

   17 Parameter_list: Identifier_list ':' . Type

    ARRAY    shift, and go to state 39
    INTEGER  shift, and go to state 40
    REAL     shift, and go to state 41

    Type           go to state 130
    Standard_type  go to state 43


state 103

   15 Arguments: '(' Parameter_list ')' .

    $default  reduce using rule 15 (Arguments)


state 104

   18 Parameter_list: Parameter_list ';' . Identifier_list ':' Type

    ID  shift, and go to state 6

    Identifier_list  go to state 131


state 105

   13 Subprogram_head: FUNCTION ID Arguments ':' Standard_type . ';'

    ';'  shift, and go to state 132


state 106

   36 Expression_list: Expression_list . ',' Expression
   55 Factor: ID '(' Expression_list . ')'

    ')'  shift, and go to state 133
    ','  shift, and go to state 124


state 107

   47 Simple_expression: Simple_expression . ADDOP_MIN Term
   48                  | Simple_expression . ADDOP_ADD Term
   62 Variable_factor: ID '[' Simple_expression . ']'

    ADDOP_MIN  shift, and go to state 85
    ADDOP_ADD  shift, and go to state 86
    ']'        shift, and go to state 134


state 108

   58 Factor: '(' Expression ')' .

    $default  reduce using rule 58 (Factor)


state 109

   27 Statement: IF Expression THEN Statement . ELSE Statement

    ELSE  shift, and go to state 135


state 110

   38 Expression: Simple_expression RELOP_GR Simple_expression .
   47 Simple_expression: Simple_expression . ADDOP_MIN Term
   48                  | Simple_expression . ADDOP_ADD Term

    ADDOP_MIN  shift, and go to state 85
    ADDOP_ADD  shift, and go to state 86

    $default  reduce using rule 38 (Expression)


state 111

   39 Expression: Simple_expression RELOP_GREQ Simple_expression .
   47 Simple_expression: Simple_expression . ADDOP_MIN Term
   48                  | Simple_expression . ADDOP_ADD Term

    ADDOP_MIN  shift, and go to state 85
    ADDOP_ADD  shift, and go to state 86

    $default  reduce using rule 39 (Expression)


state 112

   40 Expression: Simple_expression RELOP_SM Simple_expression .
   47 Simple_expression: Simple_expression . ADDOP_MIN Term
   48                  | Simple_expression . ADDOP_ADD Term

    ADDOP_MIN  shift, and go to state 85
    ADDOP_ADD  shift, and go to state 86

    $default  reduce using rule 40 (Expression)


state 113

   41 Expression: Simple_expression RELOP_SMEQ Simple_expression .
   47 Simple_expression: Simple_expression . ADDOP_MIN Term
   48                  | Simple_expression . ADDOP_ADD Term

    ADDOP_MIN  shift, and go to state 85
    ADDOP_ADD  shift, and go to state 86

    $default  reduce using rule 41 (Expression)


state 114

   42 Expression: Simple_expression RELOP_NOEQ Simple_expression .
   47 Simple_expression: Simple_expression . ADDOP_MIN Term
   48                  | Simple_expression . ADDOP_ADD Term

    ADDOP_MIN  shift, and go to state 85
    ADDOP_ADD  shift, and go to state 86

    $default  reduce using rule 42 (Expression)


state 115

   43 Expression: Simple_expression RELOP_EQ Simple_expression .
   47 Simple_expression: Simple_expression . ADDOP_MIN Term
   48                  | Simple_expression . ADDOP_ADD Term

    ADDOP_MIN  shift, and go to state 85
    ADDOP_ADD  shift, and go to state 86

    $default  reduce using rule 43 (Expression)


state 116

   47 Simple_expression: Simple_expression ADDOP_MIN Term .
   50 Term: Term . R_MULOP_D Factor
   51     | Term . R_MULOP_M Factor
   52     | Term . I_MULOP_D Factor
   53     | Term . I_MULOP_M Factor

    I_MULOP_M  shift, and go to state 87
    I_MULOP_D  shift, and go to state 88
    R_MULOP_M  shift, and go to state 89
    R_MULOP_D  shift, and go to state 90

    $default  reduce using rule 47 (Simple_expression)


state 117

   48 Simple_expression: Simple_expression ADDOP_ADD Term .
   50 Term: Term . R_MULOP_D Factor
   51     | Term . R_MULOP_M Factor
   52     | Term . I_MULOP_D Factor
   53     | Term . I_MULOP_M Factor

    I_MULOP_M  shift, and go to state 87
    I_MULOP_D  shift, and go to state 88
    R_MULOP_M  shift, and go to state 89
    R_MULOP_D  shift, and go to state 90

    $default  reduce using rule 48 (Simple_expression)


state 118

   53 Term: Term I_MULOP_M Factor .

    $default  reduce using rule 53 (Term)


state 119

   52 Term: Term I_MULOP_D Factor .

    $default  reduce using rule 52 (Term)


state 120

   51 Term: Term R_MULOP_M Factor .

    $default  reduce using rule 51 (Term)


state 121

   50 Term: Term R_MULOP_D Factor .

    $default  reduce using rule 50 (Term)


state 122

   28 Statement: WHILE Expression DO Statement .

    $default  reduce using rule 28 (Statement)


state 123

   34 Procedure_statement: ID '(' Expression_list ')' .

    $default  reduce using rule 34 (Procedure_statement)


state 124

   36 Expression_list: Expression_list ',' . Expression

    ADDOP_MIN  shift, and go to state 47
    ADDOP_ADD  shift, and go to state 48
    INUM       shift, and go to state 49
    RNUM       shift, and go to state 50
    ID         shift, and go to state 51
    '('        shift, and go to state 52

    Expression         go to state 136
    Simple_expression  go to state 54
    Term               go to state 55
    Factor             go to state 56
    Variable_factor    go to state 57


state 125

   32 Variable: ID '[' Expression_list ']' .

    $default  reduce using rule 32 (Variable)


state 126

   29 Statement: READLN '(' Variable_factor_list ')' .

    $default  reduce using rule 29 (Statement)


state 127

   60 Variable_factor_list: Variable_factor_list ',' . Variable_factor

    ID  shift, and go to state 95

    Variable_factor  go to state 137


state 128

   30 Statement: WRITELN '(' Expression_list ')' .

    $default  reduce using rule 30 (Statement)


state 129

    7 Type: ARRAY '[' INUM '.' . '.' INUM ']' OF Standard_type

    '.'  shift, and go to state 138


state 130

   17 Parameter_list: Identifier_list ':' Type .

    $default  reduce using rule 17 (Parameter_list)


state 131

    3 Identifier_list: Identifier_list . ',' ID
   18 Parameter_list: Parameter_list ';' Identifier_list . ':' Type

    ','  shift, and go to state 9
    ':'  shift, and go to state 139


state 132

   13 Subprogram_head: FUNCTION ID Arguments ':' Standard_type ';' .

    $default  reduce using rule 13 (Subprogram_head)


state 133

   55 Factor: ID '(' Expression_list ')' .

    $default  reduce using rule 55 (Factor)


state 134

   62 Variable_factor: ID '[' Simple_expression ']' .

    $default  reduce using rule 62 (Variable_factor)


state 135

   27 Statement: IF Expression THEN Statement ELSE . Statement

    BEG      shift, and go to state 18
    IF       shift, and go to state 25
    WHILE    shift, and go to state 26
    ID       shift, and go to state 27
    READLN   shift, and go to state 28
    WRITELN  shift, and go to state 29

    Compound_statement   go to state 30
    Statement            go to state 140
    Variable             go to state 34
    Procedure_statement  go to state 35


state 136

   36 Expression_list: Expression_list ',' Expression .

    $default  reduce using rule 36 (Expression_list)


state 137

   60 Variable_factor_list: Variable_factor_list ',' Variable_factor .

    $default  reduce using rule 60 (Variable_factor_list)


state 138

    7 Type: ARRAY '[' INUM '.' '.' . INUM ']' OF Standard_type

    INUM  shift, and go to state 141


state 139

   18 Parameter_list: Parameter_list ';' Identifier_list ':' . Type

    ARRAY    shift, and go to state 39
    INTEGER  shift, and go to state 40
    REAL     shift, and go to state 41

    Type           go to state 142
    Standard_type  go to state 43


state 140

   27 Statement: IF Expression THEN Statement ELSE Statement .

    $default  reduce using rule 27 (Statement)


state 141

    7 Type: ARRAY '[' INUM '.' '.' INUM . ']' OF Standard_type

    ']'  shift, and go to state 143


state 142

   18 Parameter_list: Parameter_list ';' Identifier_list ':' Type .

    $default  reduce using rule 18 (Parameter_list)


state 143

    7 Type: ARRAY '[' INUM '.' '.' INUM ']' . OF Standard_type

    OF  shift, and go to state 144


state 144

    7 Type: ARRAY '[' INUM '.' '.' INUM ']' OF . Standard_type

    INTEGER  shift, and go to state 40
    REAL     shift, and go to state 41

    Standard_type  go to state 145


state 145

    7 Type: ARRAY '[' INUM '.' '.' INUM ']' OF Standard_type .

    $default  reduce using rule 7 (Type)
